[main] INFO  Narasimha  - select from the following options:
[main] INFO  Narasimha  - For login into system as admin press 1 
[main] INFO  Narasimha  - for Manufacture press 2
[main] INFO  Narasimha  - For dealer press 3
[main] INFO  Narasimha  - select from the following options:
[main] INFO  Narasimha  - For login into system as admin press 1 
[main] INFO  Narasimha  - for Manufacture press 2
[main] INFO  Narasimha  - For dealer press 3
[main] INFO  Narasimha  - select from the following options:
[main] INFO  Narasimha  - For login into system as admin press 1 
[main] INFO  Narasimha  - for Manufacture press 2
[main] INFO  Narasimha  - For dealer press 3
[main] INFO  Narasimha  - select from the following options:
[main] INFO  Narasimha  - For login into system as admin press 1 
[main] INFO  Narasimha  - for Manufacture press 2
[main] INFO  Narasimha  - For dealer press 3
[main] INFO  Narasimha  - select from the following options:
[main] INFO  Narasimha  - For login into system as admin press 1 
[main] INFO  Narasimha  - for Manufacture press 2
[main] INFO  Narasimha  - For dealer press 3
[main] INFO  Narasimha  - select from the following options:
[main] INFO  Narasimha  - For login into system as admin press 1 
[main] INFO  Narasimha  - for Manufacture press 2
[main] INFO  Narasimha  - For dealer press 3
[main] INFO  Narasimha  - select from the following options:
[main] INFO  Narasimha  - For login into system as admin press 1 
[main] INFO  Narasimha  - for Manufacture press 2
[main] INFO  Narasimha  - For dealer press 3
[main] INFO  Narasimha  - select from the following options:
[main] INFO  Narasimha  - For login into system as admin press 1 
[main] INFO  Narasimha  - for Manufacture press 2
[main] INFO  Narasimha  - For dealer press 3
[main] INFO  Narasimha  - select from the following options:
[main] INFO  Narasimha  - For login into system as admin press 1 
[main] INFO  Narasimha  - for Manufacture press 2
[main] INFO  Narasimha  - For dealer press 3
[main] INFO  Narasimha  - select from the following options:
[main] INFO  Narasimha  - For login into system as admin press 1 
[main] INFO  Narasimha  - for Manufacture press 2
[main] INFO  Narasimha  - For dealer press 3
[main] INFO  Narasimha  - select from the following options:
[main] INFO  Narasimha  - For login into system as admin press 1 
[main] INFO  Narasimha  - for Manufacture press 2
[main] INFO  Narasimha  - For dealer press 3
[main] INFO  Narasimha  - select from the following options:
[main] INFO  Narasimha  - For login into system as admin press 1 
[main] INFO  Narasimha  - for Manufacture press 2
[main] INFO  Narasimha  - For dealer press 3
[main] INFO  Narasimha  - select from the following options:
[main] INFO  Narasimha  - For login into system as admin press 1 
[main] INFO  Narasimha  - for Manufacture press 2
[main] INFO  Narasimha  - For dealer press 3
[main] INFO  Narasimha  - select from the following options:
[main] INFO  Narasimha  - For login into system as admin press 1 
[main] INFO  Narasimha  - for Manufacture press 2
[main] INFO  Narasimha  - For dealer press 3
[main] INFO  Narasimha  - select from the following options:
[main] INFO  Narasimha  - For login into system as admin press 1 
[main] INFO  Narasimha  - for Manufacture press 2
[main] INFO  Narasimha  - For dealer press 3
[main] INFO  Narasimha  - select from the following options:
[main] INFO  Narasimha  - For login into system as admin press 1 
[main] INFO  Narasimha  - for Manufacture press 2
[main] INFO  Narasimha  - For dealer press 3
[main] INFO  Narasimha  - select from the following options:
[main] INFO  Narasimha  - For login into system as admin press 1 
[main] INFO  Narasimha  - for Manufacture press 2
[main] INFO  Narasimha  - For Dealer press 3
[main] INFO  Narasimha  -  sorry invalid credentials! give correct option for login
[main] INFO  Narasimha  - select from the following options:
[main] INFO  Narasimha  - For login into system as admin press 1 
[main] INFO  Narasimha  - for Manufacture press 2
[main] INFO  Narasimha  - For Dealer press 3
[main] INFO  Narasimha  - select from the following options:
[main] INFO  Narasimha  - For login into system as admin press 1 
[main] INFO  Narasimha  - for Manufacture press 2
[main] INFO  Narasimha  - For Dealer press 3
[main] INFO  Narasimha  - select from the following options:
[main] INFO  Narasimha  - For login into system as admin press 1 
[main] INFO  Narasimha  - for Manufacture press 2
[main] INFO  Narasimha  - For Dealer press 3
[main] INFO  Narasimha  - select from the following options:
[main] INFO  Narasimha  - For login into system as admin press 1 
[main] INFO  Narasimha  - for Manufacture press 2
[main] INFO  Narasimha  - For Dealer press 3
[main] INFO  Narasimha  - select from the following options:
[main] INFO  Narasimha  - For login into system as admin press 1 
[main] INFO  Narasimha  - for Manufacture press 2
[main] INFO  Narasimha  - For Dealer press 3
[main] INFO  Narasimha  - select from the following options:
[main] INFO  Narasimha  - For login into system as admin press 1 
[main] INFO  Narasimha  - for Manufacture press 2
[main] INFO  Narasimha  - For Dealer press 3
[main] INFO  Narasimha  - select from the following options:
[main] INFO  Narasimha  - For login into system as admin press 1 
[main] INFO  Narasimha  - for Manufacture press 2
[main] INFO  Narasimha  - For Dealer press 3
5p Narasimha  - select from the following options:
5p Narasimha  - For login into system as admin press 1 
5p Narasimha  - for Manufacture press 2
5p Narasimha  - For Dealer press 3
 - select from the following options:
 - For login into system as admin press 1 
 - for Manufacture press 2
 - For Dealer press 3
 - select from the following options:
 - select from the following options:
 - For login into system as admin press 1 
 - For login into system as admin press 1 
 - for Manufacture press 2
 - for Manufacture press 2
 - For Dealer press 3
 - For Dealer press 3
 - select from the following options:
 - For login into system as admin press 1 
 - for Manufacture press 2
 - For Dealer press 3
 - select from the following options:
 - For login into system as admin press 1 
 - for Manufacture press 2
 - For Dealer press 3
 - select from the following options:
 - For login into system as admin press 1 
 - for Manufacture press 2
 - For Dealer press 3
 - select from the following options:
 - For login into system as admin press 1 
 - for Manufacture press 2
 - For Dealer press 3
 - select from the following options:
 - For login into system as admin press 1 
 - for Manufacture press 2
 - For Dealer press 3
 - select from the following options:
 - For login into system as admin press 1 
 - for Manufacture press 2
 - For Dealer press 3
 - select from the following options:
 - For login into system as admin press 1 
 - for Manufacture press 2
 - For Dealer press 3
 - select from the following options:
 - For login into system as admin press 1 
 - for Manufacture press 2
 - For Dealer press 3
 - select from the following options:
 - For login into system as admin press 1 
 - for Manufacture press 2
 - For Dealer press 3
 - select from the following options:
 - For login into system as admin press 1 
 - for Manufacture press 2
 - For Dealer press 3
 - select from the following options:
 - For login into system as admin press 1 
 - for Manufacture press 2
 - For Dealer press 3
 - select from the following options:
 - For login into system as admin press 1 
 - for Manufacture press 2
 - For Dealer press 3
 - select from the following options:
 - For login into system as admin press 1 
 - for Manufacture press 2
 - For Dealer press 3
 - select from the following options:
 - For login into system as admin press 1 
 - for Manufacture press 2
 - For Dealer press 3
 - select from the following options:
 - For login into system as admin press 1 
 - for Manufacture press 2
 - For Dealer press 3
 - select from the following options:
 - For login into system as admin press 1 
 - for Manufacture press 2
 - For Dealer press 3
 - select from the following options:
 - For login into system as admin press 1 
 - for Manufacture press 2
 - For Dealer press 3
 - select from the following options:
 - For login into system as admin press 1 
 - for Manufacture press 2
 - For Dealer press 3
 - select from the following options:
 - For login into system as admin press 1 
 - for Manufacture press 2
 - For Dealer press 3
 - select from the following options:
 - For login into system as admin press 1 
 - for Manufacture press 2
 - For Dealer press 3
 - select from the following options:
 - For login into system as admin press 1 
 - for Manufacture press 2
 - For Dealer press 3
 - select from the following options:
 - For login into system as admin press 1 
 - for Manufacture press 2
 - For Dealer press 3
 - select from the following options:
 - For login into system as admin press 1 
 - for Manufacture press 2
 - For Dealer press 3
 - select from the following options:
 - For login into system as admin press 1 
 - for Manufacture press 2
 - For Dealer press 3
 - select from the following options:
 - For login into system as admin press 1 
 - for Manufacture press 2
 - For Dealer press 3
 - select from the following options:
 - For login into system as admin press 1 
 - for Manufacture press 2
 - For Dealer press 3
 - select from the following options:
 - For login into system as admin press 1 
 - for Manufacture press 2
 - For Dealer press 3
 - select from the following options:
 - For login into system as admin press 1 
 - for Manufacture press 2
 - For Dealer press 3
 - select from the following options:
 - For login into system as admin press 1 
 - for Manufacture press 2
 - For Dealer press 3
 - select from the following options:
 - For login into system as admin press 1 
 - for Manufacture press 2
 - For Dealer press 3
 - select from the following options:
 - For login into system as admin press 1 
 - for Manufacture press 2
 - For Dealer press 3
 - select from the following options:
 - For login into system as admin press 1 
 - for Manufacture press 2
 - For Dealer press 3
 - select from the following options:
 - For login into system as admin press 1 
 - for Manufacture press 2
 - For Dealer press 3
 - select from the following options:
 - For login into system as admin press 1 
 - for Manufacture press 2
 - For Dealer press 3
 - select from the following options:
 - For login into system as admin press 1 
 - for Manufacture press 2
 - For Dealer press 3
 - select from the following options:
 - For login into system as admin press 1 
 - for Manufacture press 2
 - For Dealer press 3
 - select from the following options:
 - For login into system as admin press 1 
 - for Manufacture press 2
 - For Dealer press 3
 - select from the following options:
 - For login into system as admin press 1 
 - for Manufacture press 2
 - For Dealer press 3
 - select from the following options:
 - For login into system as admin press 1 
 - for Manufacture press 2
 - For Dealer press 3
 - select from the following options:
 - For login into system as admin press 1 
 - for Manufacture press 2
 - For Dealer press 3
 - select from the following options:
 - For login into system as admin press 1 
 - for Manufacture press 2
 - For Dealer press 3
 - select from the following options:
 - For login into system as admin press 1 
 - for Manufacture press 2
 - For Dealer press 3
 - select from the following options:
 - For login into system as admin press 1 
 - for Manufacture press 2
 - For Dealer press 3
 - select from the following options:
 - For login into system as admin press 1 
 - for Manufacture press 2
 - For Dealer press 3
 - select from the following options:
 - For login into system as admin press 1 
 - for Manufacture press 2
 - For Dealer press 3
 - select from the following options:
 - For login into system as admin press 1 
 - for Manufacture press 2
 - For Dealer press 3
 - select from the following options:
 - For login into system as admin press 1 
 - for Manufacture press 2
 - For Dealer press 3
 - select from the following options:
 - For login into system as admin press 1 
 - for Manufacture press 2
 - For Dealer press 3
 - select from the following options:
 - For login into system as admin press 1 
 - for Manufacture press 2
 - For Dealer press 3
 - select from the following options:
 - For login into system as admin press 1 
 - for Manufacture press 2
 - For Dealer press 3
 - select from the following options:
 - For login into system as admin press 1 
 - for Manufacture press 2
 - For Dealer press 3
 - select from the following options:
 - For login into system as admin press 1 
 - for Manufacture press 2
 - For Dealer press 3
 - select from the following options:
 - For login into system as admin press 1 
 - for Manufacture press 2
 - For Dealer press 3
 - select from the following options:
 - For login into system as admin press 1 
 - for Manufacture press 2
 - For Dealer press 3
 - select from the following options:
 - For login into system as admin press 1 
 - for Manufacture press 2
 - For Dealer press 3
 - select from the following options:
 - For login into system as admin press 1 
 - for Manufacture press 2
 - For Dealer press 3
 - select from the following options:
 - For login into system as admin press 1 
 - for Manufacture press 2
 - For Dealer press 3
 - 

 - Welcome to Admin's Page
 - 1.
 - 2.
 - 3.
 - 4.
 - 5.
 - 6.Exit
 - ************************
 - Enter Your Choice
 - ************************
 - Enter the UserId
 - Enter the Email
 - Enter the Location
 - Enter the Password
 - Enter the Role
 - Enter the UserName
 - 

 - Welcome to Admin's Page
 - 1.
 - 2.
 - 3.
 - 4.
 - 5.
 - 6.Exit
 - ************************
 - Enter Your Choice
 - ************************
 - Enter the UserId
 - Enter the Email
 - Enter the Location
 - Enter the Password
 - Enter the Role
 - Enter the UserName
 - 

 - Welcome to Admin's Page
 - 1.
 - 2.
 - 3.
 - 4.
 - 5.
 - 6.Exit
 - ************************
 - Enter Your Choice
 - ************************
 - Enter the UserId
 - Enter the Email
 - Enter the Location
 - Enter the Password
 - Enter the Role
 - Enter the UserName
 - Insert Succesfully
 - ************************
 - Enter Your Choice
 - ************************
 - 

 - Welcome to Admin's Page
 - 1.
 - 2.
 - 3.
 - 4.
 - 5.
 - 6.Exit
 - ************************
 - Enter Your Choice
 - ************************
 - Enter the UserId
 - Enter the Email
 - Enter the Location
 - Enter the Password
 - Enter the Role
 - Enter the UserName
 - 

 - Welcome to Admin's Page
 - 1.
 - 2.
 - 3.
 - 4.
 - 5.
 - 6.Exit
 - ************************
 - Enter Your Choice
 - ************************
 - Enter the UserId
 - Enter the Email
 - 

 - Welcome to Admin's Page
 - 1.
 - 2.
 - 3.
 - 4.
 - 5.
 - 6.Exit
 - ************************
 - Enter Your Choice
 - ************************
 - Enter the UserId
 - Enter the Email
 - Enter the Location
 - Enter the Password
 - Enter the Role
 - Enter the UserName
 - 

 - 

 - Welcome to Admin's Page
 - Welcome to Admin's Page
 - 1.
 - 1.
 - 2.
 - 3.
 - 2.
 - 4.
 - 5.
 - 6.Exit
 - ************************
 - Enter Your Choice
 - ************************
 - 3.
 - 4.
 - 5.
 - 6.Exit
 - ************************
 - Enter Your Choice
 - ************************
 - Enter the User_ID You want to Update
 - Enter the Username
 - Enter the Password
 - Enter the email
 - 

 - Welcome to Admin's Page
 - 1.
 - 2.
 - 3.
 - 4.
 - 5.
 - 6.Exit
 - ************************
 - Enter Your Choice
 - ************************
 - Enter the User_ID You want to Update
 - Enter the Username
 - Enter the Password
 - Enter the email
 - 

 - Welcome to Admin's Page
 - 1.
 - 2.
 - 3.
 - 4.
 - 5.
 - 6.Exit
 - ************************
 - Enter Your Choice
 - ************************
 - 

 - Welcome to Admin's Page
 - 1.Add Manufactures
 - 2.Update Manufactures
 - 3.Delete Manufactures
 - 4.Show Manufactures
 - 6.Exit
 - ************************
 - Enter Your Choice
 - ************************
 - Enter the User_ID You want to Update
 - Enter the Username
 - Enter the Password
 - Enter the email
 - 

 - Record has been updated Successfully!!!
 - ************************
 - Enter Your Choice
 - ************************
 - Welcome to Admin's Page
 - 1.Add Manufactures
 - 2.Update Manufactures
 - 3.Delete Manufactures
 - 4.Show Manufactures
 - 6.Exit
 - ************************
 - Enter Your Choice
 - ************************
 - Enter the UserId(String) You want to Delete
 - User_Id is deleted Succesfully
 - ************************
 - Enter Your Choice
 - ************************
 - Welcome to Admin's Page
 - 1.Add Manufactures
 - 2.Update Manufactures
 - 3.Delete Manufactures
 - 4.Show Manufactures
 - 6.Exit
 - ************************
 - Enter Your Choice
 - ************************
 - --------------Manufacturer's Info----------------
 - Welcome to Admin's Page
 - 1.Add Manufactures
 - 2.Update Manufactures
 - 3.Delete Manufactures
 - 4.Show Manufactures
 - 5.Exit
 - ************************
 - Enter Your Choice
 - ************************
 - --------------Manufacturer's Info----------------
 - Welcome to Admin's Page
 - 1.Add Manufactures
 - 2.Update Manufactures
 - 3.Delete Manufactures
 - 4.Show Manufactures
 - 5.Exit
 - ************************
 - Enter Your Choice
 - ************************
 - --------------Manufacturer's Info----------------
 - [null, 24, 23, sdfgh, xcvbn, 32, dfghj, xcvbnm, bfhf, 4, red,  bfhf, Ridz, 5, risu@gmail.com, Mumbai, dfgh, 6, sdfg, sdfg, dfgh, 8, sdfg, sdfg, Ridz, 9, risu@gmail.com, Mumbai, dfgh, 99, sdfg, sdfg, jjh, hgh, dfghj, ghj, hfvh, rgfv, fcvbnm, cvbn, manu, we1, manu9963@gmail.com, bangalore]
 - ************************
 - Enter Your Choice
 - ************************
 - Welcome to Admin's Page
 - 1.Add Manufactures
 - 2.Update Manufactures
 - 3.Delete Manufactures
 - 4.Show Manufactures
 - 5.Exit
 - ************************
 - Enter Your Choice
 - ************************
 - --------------Manufacturer's Info----------------
 - [null, 24, 23, sdfgh, xcvbn, 32, dfghj, xcvbnm, bfhf, 4, red,  bfhf, Ridz, 5, risu@gmail.com, Mumbai, dfgh, 6, sdfg, sdfg, dfgh, 8, sdfg, sdfg, Ridz, 9, risu@gmail.com, Mumbai, dfgh, 99, sdfg, sdfg, jjh, hgh, dfghj, ghj, hfvh, rgfv, fcvbnm, cvbn, manu, we1, manu9963@gmail.com, bangalore]
 - [null, 24, 23, sdfgh, xcvbn, 32, dfghj, xcvbnm, bfhf, 4, red,  bfhf, Ridz, 5, risu@gmail.com, Mumbai, dfgh, 6, sdfg, sdfg, dfgh, 8, sdfg, sdfg, Ridz, 9, risu@gmail.com, Mumbai, dfgh, 99, sdfg, sdfg, jjh, hgh, dfghj, ghj, hfvh, rgfv, fcvbnm, cvbn, manu, we1, manu9963@gmail.com, bangalore]
 - [null, 24, 23, sdfgh, xcvbn, 32, dfghj, xcvbnm, bfhf, 4, red,  bfhf, Ridz, 5, risu@gmail.com, Mumbai, dfgh, 6, sdfg, sdfg, dfgh, 8, sdfg, sdfg, Ridz, 9, risu@gmail.com, Mumbai, dfgh, 99, sdfg, sdfg, jjh, hgh, dfghj, ghj, hfvh, rgfv, fcvbnm, cvbn, manu, we1, manu9963@gmail.com, bangalore]
 - [null, 24, 23, sdfgh, xcvbn, 32, dfghj, xcvbnm, bfhf, 4, red,  bfhf, Ridz, 5, risu@gmail.com, Mumbai, dfgh, 6, sdfg, sdfg, dfgh, 8, sdfg, sdfg, Ridz, 9, risu@gmail.com, Mumbai, dfgh, 99, sdfg, sdfg, jjh, hgh, dfghj, ghj, hfvh, rgfv, fcvbnm, cvbn, manu, we1, manu9963@gmail.com, bangalore]
 - [null, 24, 23, sdfgh, xcvbn, 32, dfghj, xcvbnm, bfhf, 4, red,  bfhf, Ridz, 5, risu@gmail.com, Mumbai, dfgh, 6, sdfg, sdfg, dfgh, 8, sdfg, sdfg, Ridz, 9, risu@gmail.com, Mumbai, dfgh, 99, sdfg, sdfg, jjh, hgh, dfghj, ghj, hfvh, rgfv, fcvbnm, cvbn, manu, we1, manu9963@gmail.com, bangalore]
 - [null, 24, 23, sdfgh, xcvbn, 32, dfghj, xcvbnm, bfhf, 4, red,  bfhf, Ridz, 5, risu@gmail.com, Mumbai, dfgh, 6, sdfg, sdfg, dfgh, 8, sdfg, sdfg, Ridz, 9, risu@gmail.com, Mumbai, dfgh, 99, sdfg, sdfg, jjh, hgh, dfghj, ghj, hfvh, rgfv, fcvbnm, cvbn, manu, we1, manu9963@gmail.com, bangalore]
 - [null, 24, 23, sdfgh, xcvbn, 32, dfghj, xcvbnm, bfhf, 4, red,  bfhf, Ridz, 5, risu@gmail.com, Mumbai, dfgh, 6, sdfg, sdfg, dfgh, 8, sdfg, sdfg, Ridz, 9, risu@gmail.com, Mumbai, dfgh, 99, sdfg, sdfg, jjh, hgh, dfghj, ghj, hfvh, rgfv, fcvbnm, cvbn, manu, we1, manu9963@gmail.com, bangalore]
 - [null, 24, 23, sdfgh, xcvbn, 32, dfghj, xcvbnm, bfhf, 4, red,  bfhf, Ridz, 5, risu@gmail.com, Mumbai, dfgh, 6, sdfg, sdfg, dfgh, 8, sdfg, sdfg, Ridz, 9, risu@gmail.com, Mumbai, dfgh, 99, sdfg, sdfg, jjh, hgh, dfghj, ghj, hfvh, rgfv, fcvbnm, cvbn, manu, we1, manu9963@gmail.com, bangalore]
 - [null, 24, 23, sdfgh, xcvbn, 32, dfghj, xcvbnm, bfhf, 4, red,  bfhf, Ridz, 5, risu@gmail.com, Mumbai, dfgh, 6, sdfg, sdfg, dfgh, 8, sdfg, sdfg, Ridz, 9, risu@gmail.com, Mumbai, dfgh, 99, sdfg, sdfg, jjh, hgh, dfghj, ghj, hfvh, rgfv, fcvbnm, cvbn, manu, we1, manu9963@gmail.com, bangalore]
 - [null, 24, 23, sdfgh, xcvbn, 32, dfghj, xcvbnm, bfhf, 4, red,  bfhf, Ridz, 5, risu@gmail.com, Mumbai, dfgh, 6, sdfg, sdfg, dfgh, 8, sdfg, sdfg, Ridz, 9, risu@gmail.com, Mumbai, dfgh, 99, sdfg, sdfg, jjh, hgh, dfghj, ghj, hfvh, rgfv, fcvbnm, cvbn, manu, we1, manu9963@gmail.com, bangalore]
 - [null, 24, 23, sdfgh, xcvbn, 32, dfghj, xcvbnm, bfhf, 4, red,  bfhf, Ridz, 5, risu@gmail.com, Mumbai, dfgh, 6, sdfg, sdfg, dfgh, 8, sdfg, sdfg, Ridz, 9, risu@gmail.com, Mumbai, dfgh, 99, sdfg, sdfg, jjh, hgh, dfghj, ghj, hfvh, rgfv, fcvbnm, cvbn, manu, we1, manu9963@gmail.com, bangalore]
 - [null, 24, 23, sdfgh, xcvbn, 32, dfghj, xcvbnm, bfhf, 4, red,  bfhf, Ridz, 5, risu@gmail.com, Mumbai, dfgh, 6, sdfg, sdfg, dfgh, 8, sdfg, sdfg, Ridz, 9, risu@gmail.com, Mumbai, dfgh, 99, sdfg, sdfg, jjh, hgh, dfghj, ghj, hfvh, rgfv, fcvbnm, cvbn, manu, we1, manu9963@gmail.com, bangalore]
 - [null, 24, 23, sdfgh, xcvbn, 32, dfghj, xcvbnm, bfhf, 4, red,  bfhf, Ridz, 5, risu@gmail.com, Mumbai, dfgh, 6, sdfg, sdfg, dfgh, 8, sdfg, sdfg, Ridz, 9, risu@gmail.com, Mumbai, dfgh, 99, sdfg, sdfg, jjh, hgh, dfghj, ghj, hfvh, rgfv, fcvbnm, cvbn, manu, we1, manu9963@gmail.com, bangalore]
 - [null, 24, 23, sdfgh, xcvbn, 32, dfghj, xcvbnm, bfhf, 4, red,  bfhf, Ridz, 5, risu@gmail.com, Mumbai, dfgh, 6, sdfg, sdfg, dfgh, 8, sdfg, sdfg, Ridz, 9, risu@gmail.com, Mumbai, dfgh, 99, sdfg, sdfg, jjh, hgh, dfghj, ghj, hfvh, rgfv, fcvbnm, cvbn, manu, we1, manu9963@gmail.com, bangalore]
 - [null, 24, 23, sdfgh, xcvbn, 32, dfghj, xcvbnm, bfhf, 4, red,  bfhf, Ridz, 5, risu@gmail.com, Mumbai, dfgh, 6, sdfg, sdfg, dfgh, 8, sdfg, sdfg, Ridz, 9, risu@gmail.com, Mumbai, dfgh, 99, sdfg, sdfg, jjh, hgh, dfghj, ghj, hfvh, rgfv, fcvbnm, cvbn, manu, we1, manu9963@gmail.com, bangalore]
 - [null, 24, 23, sdfgh, xcvbn, 32, dfghj, xcvbnm, bfhf, 4, red,  bfhf, Ridz, 5, risu@gmail.com, Mumbai, dfgh, 6, sdfg, sdfg, dfgh, 8, sdfg, sdfg, Ridz, 9, risu@gmail.com, Mumbai, dfgh, 99, sdfg, sdfg, jjh, hgh, dfghj, ghj, hfvh, rgfv, fcvbnm, cvbn, manu, we1, manu9963@gmail.com, bangalore]
 - [null, 24, 23, sdfgh, xcvbn, 32, dfghj, xcvbnm, bfhf, 4, red,  bfhf, Ridz, 5, risu@gmail.com, Mumbai, dfgh, 6, sdfg, sdfg, dfgh, 8, sdfg, sdfg, Ridz, 9, risu@gmail.com, Mumbai, dfgh, 99, sdfg, sdfg, jjh, hgh, dfghj, ghj, hfvh, rgfv, fcvbnm, cvbn, manu, we1, manu9963@gmail.com, bangalore]
 - [null, 24, 23, sdfgh, xcvbn, 32, dfghj, xcvbnm, bfhf, 4, red,  bfhf, Ridz, 5, risu@gmail.com, Mumbai, dfgh, 6, sdfg, sdfg, dfgh, 8, sdfg, sdfg, Ridz, 9, risu@gmail.com, Mumbai, dfgh, 99, sdfg, sdfg, jjh, hgh, dfghj, ghj, hfvh, rgfv, fcvbnm, cvbn, manu, we1, manu9963@gmail.com, bangalore]
 - [null, 24, 23, sdfgh, xcvbn, 32, dfghj, xcvbnm, bfhf, 4, red,  bfhf, Ridz, 5, risu@gmail.com, Mumbai, dfgh, 6, sdfg, sdfg, dfgh, 8, sdfg, sdfg, Ridz, 9, risu@gmail.com, Mumbai, dfgh, 99, sdfg, sdfg, jjh, hgh, dfghj, ghj, hfvh, rgfv, fcvbnm, cvbn, manu, we1, manu9963@gmail.com, bangalore]
 - [null, 24, 23, sdfgh, xcvbn, 32, dfghj, xcvbnm, bfhf, 4, red,  bfhf, Ridz, 5, risu@gmail.com, Mumbai, dfgh, 6, sdfg, sdfg, dfgh, 8, sdfg, sdfg, Ridz, 9, risu@gmail.com, Mumbai, dfgh, 99, sdfg, sdfg, jjh, hgh, dfghj, ghj, hfvh, rgfv, fcvbnm, cvbn, manu, we1, manu9963@gmail.com, bangalore]
 - [null, 24, 23, sdfgh, xcvbn, 32, dfghj, xcvbnm, bfhf, 4, red,  bfhf, Ridz, 5, risu@gmail.com, Mumbai, dfgh, 6, sdfg, sdfg, dfgh, 8, sdfg, sdfg, Ridz, 9, risu@gmail.com, Mumbai, dfgh, 99, sdfg, sdfg, jjh, hgh, dfghj, ghj, hfvh, rgfv, fcvbnm, cvbn, manu, we1, manu9963@gmail.com, bangalore]
 - [null, 24, 23, sdfgh, xcvbn, 32, dfghj, xcvbnm, bfhf, 4, red,  bfhf, Ridz, 5, risu@gmail.com, Mumbai, dfgh, 6, sdfg, sdfg, dfgh, 8, sdfg, sdfg, Ridz, 9, risu@gmail.com, Mumbai, dfgh, 99, sdfg, sdfg, jjh, hgh, dfghj, ghj, hfvh, rgfv, fcvbnm, cvbn, manu, we1, manu9963@gmail.com, bangalore]
 - [null, 24, 23, sdfgh, xcvbn, 32, dfghj, xcvbnm, bfhf, 4, red,  bfhf, Ridz, 5, risu@gmail.com, Mumbai, dfgh, 6, sdfg, sdfg, dfgh, 8, sdfg, sdfg, Ridz, 9, risu@gmail.com, Mumbai, dfgh, 99, sdfg, sdfg, jjh, hgh, dfghj, ghj, hfvh, rgfv, fcvbnm, cvbn, manu, we1, manu9963@gmail.com, bangalore]
 - [null, 24, 23, sdfgh, xcvbn, 32, dfghj, xcvbnm, bfhf, 4, red,  bfhf, Ridz, 5, risu@gmail.com, Mumbai, dfgh, 6, sdfg, sdfg, dfgh, 8, sdfg, sdfg, Ridz, 9, risu@gmail.com, Mumbai, dfgh, 99, sdfg, sdfg, jjh, hgh, dfghj, ghj, hfvh, rgfv, fcvbnm, cvbn, manu, we1, manu9963@gmail.com, bangalore]
 - [null, 24, 23, sdfgh, xcvbn, 32, dfghj, xcvbnm, bfhf, 4, red,  bfhf, Ridz, 5, risu@gmail.com, Mumbai, dfgh, 6, sdfg, sdfg, dfgh, 8, sdfg, sdfg, Ridz, 9, risu@gmail.com, Mumbai, dfgh, 99, sdfg, sdfg, jjh, hgh, dfghj, ghj, hfvh, rgfv, fcvbnm, cvbn, manu, we1, manu9963@gmail.com, bangalore]
 - [null, 24, 23, sdfgh, xcvbn, 32, dfghj, xcvbnm, bfhf, 4, red,  bfhf, Ridz, 5, risu@gmail.com, Mumbai, dfgh, 6, sdfg, sdfg, dfgh, 8, sdfg, sdfg, Ridz, 9, risu@gmail.com, Mumbai, dfgh, 99, sdfg, sdfg, jjh, hgh, dfghj, ghj, hfvh, rgfv, fcvbnm, cvbn, manu, we1, manu9963@gmail.com, bangalore]
 - [null, 24, 23, sdfgh, xcvbn, 32, dfghj, xcvbnm, bfhf, 4, red,  bfhf, Ridz, 5, risu@gmail.com, Mumbai, dfgh, 6, sdfg, sdfg, dfgh, 8, sdfg, sdfg, Ridz, 9, risu@gmail.com, Mumbai, dfgh, 99, sdfg, sdfg, jjh, hgh, dfghj, ghj, hfvh, rgfv, fcvbnm, cvbn, manu, we1, manu9963@gmail.com, bangalore]
 - [null, 24, 23, sdfgh, xcvbn, 32, dfghj, xcvbnm, bfhf, 4, red,  bfhf, Ridz, 5, risu@gmail.com, Mumbai, dfgh, 6, sdfg, sdfg, dfgh, 8, sdfg, sdfg, Ridz, 9, risu@gmail.com, Mumbai, dfgh, 99, sdfg, sdfg, jjh, hgh, dfghj, ghj, hfvh, rgfv, fcvbnm, cvbn, manu, we1, manu9963@gmail.com, bangalore]
 - [null, 24, 23, sdfgh, xcvbn, 32, dfghj, xcvbnm, bfhf, 4, red,  bfhf, Ridz, 5, risu@gmail.com, Mumbai, dfgh, 6, sdfg, sdfg, dfgh, 8, sdfg, sdfg, Ridz, 9, risu@gmail.com, Mumbai, dfgh, 99, sdfg, sdfg, jjh, hgh, dfghj, ghj, hfvh, rgfv, fcvbnm, cvbn, manu, we1, manu9963@gmail.com, bangalore]
 - [null, 24, 23, sdfgh, xcvbn, 32, dfghj, xcvbnm, bfhf, 4, red,  bfhf, Ridz, 5, risu@gmail.com, Mumbai, dfgh, 6, sdfg, sdfg, dfgh, 8, sdfg, sdfg, Ridz, 9, risu@gmail.com, Mumbai, dfgh, 99, sdfg, sdfg, jjh, hgh, dfghj, ghj, hfvh, rgfv, fcvbnm, cvbn, manu, we1, manu9963@gmail.com, bangalore]
 - [null, 24, 23, sdfgh, xcvbn, 32, dfghj, xcvbnm, bfhf, 4, red,  bfhf, Ridz, 5, risu@gmail.com, Mumbai, dfgh, 6, sdfg, sdfg, dfgh, 8, sdfg, sdfg, Ridz, 9, risu@gmail.com, Mumbai, dfgh, 99, sdfg, sdfg, jjh, hgh, dfghj, ghj, hfvh, rgfv, fcvbnm, cvbn, manu, we1, manu9963@gmail.com, bangalore]
 - [null, 24, 23, sdfgh, xcvbn, 32, dfghj, xcvbnm, bfhf, 4, red,  bfhf, Ridz, 5, risu@gmail.com, Mumbai, dfgh, 6, sdfg, sdfg, dfgh, 8, sdfg, sdfg, Ridz, 9, risu@gmail.com, Mumbai, dfgh, 99, sdfg, sdfg, jjh, hgh, dfghj, ghj, hfvh, rgfv, fcvbnm, cvbn, manu, we1, manu9963@gmail.com, bangalore]
 - [null, 24, 23, sdfgh, xcvbn, 32, dfghj, xcvbnm, bfhf, 4, red,  bfhf, Ridz, 5, risu@gmail.com, Mumbai, dfgh, 6, sdfg, sdfg, dfgh, 8, sdfg, sdfg, Ridz, 9, risu@gmail.com, Mumbai, dfgh, 99, sdfg, sdfg, jjh, hgh, dfghj, ghj, hfvh, rgfv, fcvbnm, cvbn, manu, we1, manu9963@gmail.com, bangalore]
 - [null, 24, 23, sdfgh, xcvbn, 32, dfghj, xcvbnm, bfhf, 4, red,  bfhf, Ridz, 5, risu@gmail.com, Mumbai, dfgh, 6, sdfg, sdfg, dfgh, 8, sdfg, sdfg, Ridz, 9, risu@gmail.com, Mumbai, dfgh, 99, sdfg, sdfg, jjh, hgh, dfghj, ghj, hfvh, rgfv, fcvbnm, cvbn, manu, we1, manu9963@gmail.com, bangalore]
 - [null, 24, 23, sdfgh, xcvbn, 32, dfghj, xcvbnm, bfhf, 4, red,  bfhf, Ridz, 5, risu@gmail.com, Mumbai, dfgh, 6, sdfg, sdfg, dfgh, 8, sdfg, sdfg, Ridz, 9, risu@gmail.com, Mumbai, dfgh, 99, sdfg, sdfg, jjh, hgh, dfghj, ghj, hfvh, rgfv, fcvbnm, cvbn, manu, we1, manu9963@gmail.com, bangalore]
 - [null, 24, 23, sdfgh, xcvbn, 32, dfghj, xcvbnm, bfhf, 4, red,  bfhf, Ridz, 5, risu@gmail.com, Mumbai, dfgh, 6, sdfg, sdfg, dfgh, 8, sdfg, sdfg, Ridz, 9, risu@gmail.com, Mumbai, dfgh, 99, sdfg, sdfg, jjh, hgh, dfghj, ghj, hfvh, rgfv, fcvbnm, cvbn, manu, we1, manu9963@gmail.com, bangalore]
 - [null, 24, 23, sdfgh, xcvbn, 32, dfghj, xcvbnm, bfhf, 4, red,  bfhf, Ridz, 5, risu@gmail.com, Mumbai, dfgh, 6, sdfg, sdfg, dfgh, 8, sdfg, sdfg, Ridz, 9, risu@gmail.com, Mumbai, dfgh, 99, sdfg, sdfg, jjh, hgh, dfghj, ghj, hfvh, rgfv, fcvbnm, cvbn, manu, we1, manu9963@gmail.com, bangalore]
 - [null, 24, 23, sdfgh, xcvbn, 32, dfghj, xcvbnm, bfhf, 4, red,  bfhf, Ridz, 5, risu@gmail.com, Mumbai, dfgh, 6, sdfg, sdfg, dfgh, 8, sdfg, sdfg, Ridz, 9, risu@gmail.com, Mumbai, dfgh, 99, sdfg, sdfg, jjh, hgh, dfghj, ghj, hfvh, rgfv, fcvbnm, cvbn, manu, we1, manu9963@gmail.com, bangalore]
 - [null, 24, 23, sdfgh, xcvbn, 32, dfghj, xcvbnm, bfhf, 4, red,  bfhf, Ridz, 5, risu@gmail.com, Mumbai, dfgh, 6, sdfg, sdfg, dfgh, 8, sdfg, sdfg, Ridz, 9, risu@gmail.com, Mumbai, dfgh, 99, sdfg, sdfg, jjh, hgh, dfghj, ghj, hfvh, rgfv, fcvbnm, cvbn, manu, we1, manu9963@gmail.com, bangalore]
 - [null, 24, 23, sdfgh, xcvbn, 32, dfghj, xcvbnm, bfhf, 4, red,  bfhf, Ridz, 5, risu@gmail.com, Mumbai, dfgh, 6, sdfg, sdfg, dfgh, 8, sdfg, sdfg, Ridz, 9, risu@gmail.com, Mumbai, dfgh, 99, sdfg, sdfg, jjh, hgh, dfghj, ghj, hfvh, rgfv, fcvbnm, cvbn, manu, we1, manu9963@gmail.com, bangalore]
 - [null, 24, 23, sdfgh, xcvbn, 32, dfghj, xcvbnm, bfhf, 4, red,  bfhf, Ridz, 5, risu@gmail.com, Mumbai, dfgh, 6, sdfg, sdfg, dfgh, 8, sdfg, sdfg, Ridz, 9, risu@gmail.com, Mumbai, dfgh, 99, sdfg, sdfg, jjh, hgh, dfghj, ghj, hfvh, rgfv, fcvbnm, cvbn, manu, we1, manu9963@gmail.com, bangalore]
 - [null, 24, 23, sdfgh, xcvbn, 32, dfghj, xcvbnm, bfhf, 4, red,  bfhf, Ridz, 5, risu@gmail.com, Mumbai, dfgh, 6, sdfg, sdfg, dfgh, 8, sdfg, sdfg, Ridz, 9, risu@gmail.com, Mumbai, dfgh, 99, sdfg, sdfg, jjh, hgh, dfghj, ghj, hfvh, rgfv, fcvbnm, cvbn, manu, we1, manu9963@gmail.com, bangalore]
 - [null, 24, 23, sdfgh, xcvbn, 32, dfghj, xcvbnm, bfhf, 4, red,  bfhf, Ridz, 5, risu@gmail.com, Mumbai, dfgh, 6, sdfg, sdfg, dfgh, 8, sdfg, sdfg, Ridz, 9, risu@gmail.com, Mumbai, dfgh, 99, sdfg, sdfg, jjh, hgh, dfghj, ghj, hfvh, rgfv, fcvbnm, cvbn, manu, we1, manu9963@gmail.com, bangalore]
 - [null, 24, 23, sdfgh, xcvbn, 32, dfghj, xcvbnm, bfhf, 4, red,  bfhf, Ridz, 5, risu@gmail.com, Mumbai, dfgh, 6, sdfg, sdfg, dfgh, 8, sdfg, sdfg, Ridz, 9, risu@gmail.com, Mumbai, dfgh, 99, sdfg, sdfg, jjh, hgh, dfghj, ghj, hfvh, rgfv, fcvbnm, cvbn, manu, we1, manu9963@gmail.com, bangalore]
 - ************************
 - Enter Your Choice
 - ************************
 - Welcome to Admin's Page
 - 1.Add Manufactures
 - 2.Update Manufactures
 - 3.Delete Manufactures
 - 4.Show Manufactures
 - 5.Exit
 - ************************
 - Enter Your Choice
 - ************************
 - Welcome to Admin's Page
 - 1.Add Manufactures
 - 2.Update Manufactures
 - 3.Delete Manufactures
 - 4.Show Manufactures
 - 5.Exit
 - ************************
 - Enter Your Choice
 - ************************
 - 1.Admin
 - 2.Manufacturer
 - 3.Dealer
 - 4.Exit
 - +=+=+=+=+=+=+=+=+=+=+=+=
 - Enter Your Choice
 - +=+=+=+=+=+=+=+=+=+=+=+=
 - Welcome to Dealer's Page
 - 1.Make Orders
 - 2.Delete Orders
 - 3.Show All Products
 - 4.Show All Orders
 - 5.Show My Store
 - 5.Exit
 - ************************
 - Enter Your Choice
 - ************************
 - Enter the StoreId You want to See
 - 4
 - ************************
 - Enter Your Choice
 - ************************
 - Enter the UserName for seeing StoreUnit
 - bnglr
 - dfg
 - ************************
 - Enter Your Choice
 - ************************
 - sparx
 - puma
 - ************************
 - Enter Your Choice
 - ************************
 - 1.Admin
 - 2.Manufacturer
 - 3.Dealer
 - 4.Exit
 - +=+=+=+=+=+=+=+=+=+=+=+=
 - Enter Your Choice
 - +=+=+=+=+=+=+=+=+=+=+=+=
 - Welcome to Manufactures Page
 - 1.Add Dealer
 - 2.Modify Dealer
 - 3.Remove Dealers
 - 4.View Dealers
 - 5.Add Products
 - 6.Modify Products
 - 7.Remove Products
 - 8.View Products
 - 9.View Store
 - 10.Exit
 - ************************
 - Enter Your Choice
 - ************************
 - 1
 - 2
 - 4
 - ************************
 - Enter Your Choice
 - ************************
 - sparx
 - puma
 - ************************
 - Enter Your Choice
 - ************************
 - Enter the ProductId You want to Delete
 - User_Id is deleted Succesfully
 - ************************
 - Enter Your Choice
 - ************************
 - Enter the UserId(String) You want to Delete
 - User_Id is deleted Succesfully
 - ************************
 - Enter Your Choice
 - ************************
 - Enter which role(Users) you want to see
 - [null, Ridz, hfvh, manu]
 - [null, Ridz, hfvh, manu]
 - [null, Ridz, hfvh, manu]
 - [null, Ridz, hfvh, manu]
 - ************************
 - Enter Your Choice
 - ************************
1.Admin
1.Admin
2.Manufacturer
2.Manufacturer
3.Dealer
3.Dealer
4.Exit
+=+=+=+=+=+=+=+=+=+=+=+=
Enter Your Choice
+=+=+=+=+=+=+=+=+=+=+=+=
4.Exit
+=+=+=+=+=+=+=+=+=+=+=+=
Enter Your Choice
+=+=+=+=+=+=+=+=+=+=+=+=
1.Admin
2.Manufacturer
3.Dealer
4.Exit
+=+=+=+=+=+=+=+=+=+=+=+=
Enter Your Choice
+=+=+=+=+=+=+=+=+=+=+=+=
Enter Your Username:
Enter Your Password:
Successfully Login
Welcome to Admin's Page
1.Add Manufactures
2.Update Manufactures
3.Delete Manufactures
4.Show Manufactures
5.Exit
************************
Enter Your Choice
************************
Enter the UserId
Enter the Email
Enter the Location
Enter the Password
Enter the Role
Enter the UserName
Insert Succesfully
************************
Enter Your Choice
************************
1.Admin
2.Manufacturer
3.Dealer
4.Exit
+=+=+=+=+=+=+=+=+=+=+=+=
Enter Your Choice
+=+=+=+=+=+=+=+=+=+=+=+=
Enter Your Username:
Enter Your Password:
Successfully Login
Welcome to Admin's Page
1.Add Manufactures
2.Update Manufactures
3.Delete Manufactures
4.Show Manufactures
5.Exit
************************
Enter Your Choice
************************
Enter the UserId
Enter the Email
Enter the Location
Enter the Password
Enter the Role
Enter the UserName
Insert Succesfully
************************
Enter Your Choice
************************
1.Admin
2.Manufacturer
3.Dealer
4.Exit
+=+=+=+=+=+=+=+=+=+=+=+=
Enter Your Choice
+=+=+=+=+=+=+=+=+=+=+=+=
Enter Your Username:
Enter Your Password:
Successfully Login
Welcome to Admin's Page
1.Add Manufactures
2.Update Manufactures
3.Delete Manufactures
4.Show Manufactures
5.Exit
************************
Enter Your Choice
************************
1.Admin
2.Manufacturer
3.Dealer
4.Exit
+=+=+=+=+=+=+=+=+=+=+=+=
Enter Your Choice
+=+=+=+=+=+=+=+=+=+=+=+=
Enter Your Username:
Enter Your Password:
Successfully Login
Welcome to Admin's Page
1.Add Manufactures
2.Update Manufactures
3.Delete Manufactures
4.Show Manufactures
5.Exit
************************
Enter Your Choice
************************
Enter the User_ID You want to Update
Enter the Username
Enter the Password
Enter the email


Record has been updated Successfully!!!
************************
Enter Your Choice
************************
Enter the User_ID You want to Update
Enter the Username
Enter the Password
Enter the email


Record has been updated Successfully!!!
************************
Enter Your Choice
************************
1.Admin
2.Manufacturer
3.Dealer
4.Exit
+=+=+=+=+=+=+=+=+=+=+=+=
Enter Your Choice
+=+=+=+=+=+=+=+=+=+=+=+=
Enter Your Username:
Enter Your Password:
Successfully Login
Welcome to Admin's Page
1.Add Manufactures
2.Update Manufactures
3.Delete Manufactures
4.Show Manufactures
5.Exit
************************
Enter Your Choice
************************
Enter the User_ID You want to Update
Enter the Username
Enter the Password
Enter the email


Record has been updated Successfully!!!
************************
Enter Your Choice
************************
1.Admin
2.Manufacturer
3.Dealer
4.Exit
+=+=+=+=+=+=+=+=+=+=+=+=
Enter Your Choice
+=+=+=+=+=+=+=+=+=+=+=+=
Welcome to Manufactures Page
1.Add Dealer
2.Modify Dealer
3.Remove Dealers
4.View Dealers
5.Add Products
6.Modify Products
7.Remove Products
8.View Products
9.View Store
10.Exit
************************
Enter Your Choice
************************
1.Admin
2.Manufacturer
3.Dealer
4.Exit
+=+=+=+=+=+=+=+=+=+=+=+=
Enter Your Choice
+=+=+=+=+=+=+=+=+=+=+=+=
Enter Your Username:
Enter Your Password:
Successfully Login
Welcome to Admin's Page
1.Add Manufactures
2.Update Manufactures
3.Delete Manufactures
4.Show Manufactures
5.Exit
************************
Enter Your Choice
************************
Enter the UserId(String) You want to Delete
User_Id is deleted Succesfully
************************
Enter Your Choice
************************
1.Admin
2.Manufacturer
3.Dealer
4.Exit
+=+=+=+=+=+=+=+=+=+=+=+=
Enter Your Choice
+=+=+=+=+=+=+=+=+=+=+=+=
Enter Your Username:
Enter Your Password:
Successfully Login
Welcome to Admin's Page
1.Add Manufactures
2.Update Manufactures
3.Delete Manufactures
4.Show Manufactures
5.Exit
************************
Enter Your Choice
************************
--------------Manufacturer's Info----------------
[Arjun, 22, manu@gmail.com, chennai, null, 24, 23, sdfgh, xcvbn, 32, dfghj, xcvbnm, bfhf, 4, red,  bfhf, Ridz, 5, risu@gmail.com, Mumbai, dfgh, 6, sdfg, sdfg, dfgh, 8, sdfg, sdfg, Ridz, 9, risu@gmail.com, Mumbai, dfgh, 99, sdfg, sdfg, jjh, hgh, dfghj, ghj, hfvh, rgfv, fcvbnm, cvbn, manu, we1, manu9963@gmail.com, bangalore]
************************
Enter Your Choice
************************
1.Admin
2.Manufacturer
3.Dealer
4.Exit
+=+=+=+=+=+=+=+=+=+=+=+=
Enter Your Choice
+=+=+=+=+=+=+=+=+=+=+=+=
Enter Your Username:
Enter Your Password:
Successfully Login
Welcome to Admin's Page
1.Add Manufactures
2.Update Manufactures
3.Delete Manufactures
4.Show Manufactures
5.Exit
************************
Enter Your Choice
************************
1.Admin
2.Manufacturer
3.Dealer
4.Exit
+=+=+=+=+=+=+=+=+=+=+=+=
Enter Your Choice
+=+=+=+=+=+=+=+=+=+=+=+=
Welcome to Dealer's Page
1.Make Orders
2.Delete Orders
3.Show All Products
4.Show All Orders
5.Show My Store
5.Exit
************************
Enter Your Choice
************************
Enter reference id
Enter location
Enter orderId 
Enter productId 
Enter Quantity 
Enter UserId
1.Admin
2.Manufacturer
3.Dealer
4.Exit
+=+=+=+=+=+=+=+=+=+=+=+=
Enter Your Choice
+=+=+=+=+=+=+=+=+=+=+=+=
Welcome to Dealer's Page
1.Make Orders
2.Delete Orders
3.Show All Products
4.Show All Orders
5.Show My Store
5.Exit
************************
Enter Your Choice
************************
Enter reference id
Enter location
Enter orderId 
Enter productId 
Enter Quantity 
Enter UserId
Insert Succesfully
************************
Enter Your Choice
************************
1.Admin
2.Manufacturer
3.Dealer
4.Exit
+=+=+=+=+=+=+=+=+=+=+=+=
Enter Your Choice
+=+=+=+=+=+=+=+=+=+=+=+=
Welcome to Manufactures Page
1.Add Dealer
2.Modify Dealer
3.Remove Dealers
4.View Dealers
5.Add Products
6.Modify Products
7.Remove Products
8.View Products
9.View Store
10.Exit
************************
Enter Your Choice
************************
1.Admin
2.Manufacturer
3.Dealer
4.Exit
+=+=+=+=+=+=+=+=+=+=+=+=
Enter Your Choice
+=+=+=+=+=+=+=+=+=+=+=+=
Welcome to Dealer's Page
1.Make Orders
2.Delete Orders
3.Show All Products
4.Show All Orders
5.Show My Store
5.Exit
************************
Enter Your Choice
************************
Enter reference id
Enter location
Enter orderId 
Enter productId 
Enter Quantity 
Enter UserId
Insert Succesfully
************************
Enter Your Choice
************************
1.Admin
2.Manufacturer
3.Dealer
4.Exit
+=+=+=+=+=+=+=+=+=+=+=+=
Enter Your Choice
+=+=+=+=+=+=+=+=+=+=+=+=
Welcome to Dealer's Page
1.Make Orders
2.Delete Orders
3.Show All Products
4.Show All Orders
5.Show My Store
5.Exit
************************
Enter Your Choice
************************
Enter reference id
Enter location
Enter orderId 
1.Admin
2.Manufacturer
3.Dealer
4.Exit
+=+=+=+=+=+=+=+=+=+=+=+=
Enter Your Choice
+=+=+=+=+=+=+=+=+=+=+=+=
Welcome to Dealer's Page
1.Make Orders
2.Delete Orders
3.Show All Products
4.Show All Orders
5.Show My Store
5.Exit
************************
Enter Your Choice
************************
Enter reference id
Enter location
Enter orderId 
Enter productId 
Enter Quantity 
Enter UserId
Insert Succesfully
************************
Enter Your Choice
************************
1.Admin
2.Manufacturer
3.Dealer
4.Exit
+=+=+=+=+=+=+=+=+=+=+=+=
Enter Your Choice
+=+=+=+=+=+=+=+=+=+=+=+=
Welcome to Dealer's Page
1.Make Orders
2.Delete Orders
3.Show All Products
4.Show All Orders
5.Show My Store
5.Exit
************************
Enter Your Choice
************************
Enter reference id
1.Admin
2.Manufacturer
3.Dealer
4.Exit
+=+=+=+=+=+=+=+=+=+=+=+=
Enter Your Choice
+=+=+=+=+=+=+=+=+=+=+=+=
Welcome to Dealer's Page
1.Make Orders
2.Delete Orders
3.Show All Products
4.Show All Orders
5.Show My Store
5.Exit
************************
Enter Your Choice
************************
Enter reference id
Enter location
Enter orderId 
Enter productId 
Enter Quantity 
Enter UserId
Insert Succesfully
************************
Enter Your Choice
************************
1.Admin
2.Manufacturer
3.Dealer
4.Exit
+=+=+=+=+=+=+=+=+=+=+=+=
Enter Your Choice
+=+=+=+=+=+=+=+=+=+=+=+=
Welcome to Dealer's Page
1.Make Orders
2.Delete Orders
3.Show All Products
4.Show All Orders
5.Show My Store
5.Exit
************************
Enter Your Choice
************************
Enter the orderId You want to Delete
OrderId is deleted Succesfully
************************
Enter Your Choice
************************
Enter the orderId You want to Delete
OrderId is deleted Succesfully
************************
Enter Your Choice
************************
1.Admin
2.Manufacturer
3.Dealer
4.Exit
+=+=+=+=+=+=+=+=+=+=+=+=
Enter Your Choice
+=+=+=+=+=+=+=+=+=+=+=+=
Welcome to Dealer's Page
1.Make Orders
2.Delete Orders
3.Show All Products
4.Show All Orders
5.Show My Store
5.Exit
************************
Enter Your Choice
************************
sparx
puma
************************
Enter Your Choice
************************
Enter the UserName for seeing StoreUnit
[]
************************
Enter Your Choice
************************
Enter the StoreId You want to See
[4]
************************
Enter Your Choice
************************
Enter the UserName for seeing StoreUnit
[]
************************
Enter Your Choice
************************
Enter the UserName for seeing StoreUnit
[dfg]
************************
Enter Your Choice
************************
1.Admin
2.Manufacturer
3.Dealer
4.Exit
+=+=+=+=+=+=+=+=+=+=+=+=
Enter Your Choice
+=+=+=+=+=+=+=+=+=+=+=+=
Welcome to Dealer's Page
1.Make Orders
2.Delete Orders
3.Show All Products
4.Show All Orders
5.Show My Store
5.Exit
************************
Enter Your Choice
************************
sparx
puma
************************
Enter Your Choice
************************
Enter the UserName for seeing StoreUnit
[]
************************
Enter Your Choice
************************
Enter the StoreId You want to See
[4, 2]
************************
Enter Your Choice
************************
1.Admin
2.Manufacturer
3.Dealer
4.Exit
+=+=+=+=+=+=+=+=+=+=+=+=
Enter Your Choice
+=+=+=+=+=+=+=+=+=+=+=+=
Welcome to Dealer's Page
1.Make Orders
2.Delete Orders
3.Show All Products
4.Show All Orders
5.Show My Store
5.Exit
************************
Enter Your Choice
************************
Enter the UserName for seeing Orders
[dfg]
************************
Enter Your Choice
************************
1.Admin
2.Manufacturer
3.Dealer
4.Exit
+=+=+=+=+=+=+=+=+=+=+=+=
Enter Your Choice
+=+=+=+=+=+=+=+=+=+=+=+=
Welcome to Dealer's Page
1.Make Orders
2.Delete Orders
3.Show All Products
4.Show All Orders
5.Show My Store
5.Exit
************************
Enter Your Choice
************************
Enter the orderId You want to Delete
OrderId is deleted Succesfully
************************
Enter Your Choice
************************
Enter reference id
Enter location
Enter orderId 
1.Admin
2.Manufacturer
3.Dealer
4.Exit
+=+=+=+=+=+=+=+=+=+=+=+=
Enter Your Choice
+=+=+=+=+=+=+=+=+=+=+=+=
Welcome to Dealer's Page
1.Make Orders
2.Delete Orders
3.Show All Products
4.Show All Orders
5.Show My Store
5.Exit
************************
Enter Your Choice
************************
Enter reference id
Enter location
Enter orderId 
Enter productId 
Enter Quantity 
Enter UserId
Insert Succesfully
************************
Enter Your Choice
************************
1.Admin
2.Manufacturer
3.Dealer
4.Exit
+=+=+=+=+=+=+=+=+=+=+=+=
Enter Your Choice
+=+=+=+=+=+=+=+=+=+=+=+=
Welcome to Dealer's Page
1.Make Orders
2.Delete Orders
3.Show All Products
4.Show All Orders
5.Show My Store
5.Exit
************************
Enter Your Choice
************************
Enter reference id
Enter location
Enter orderId 
Enter productId 
Enter Quantity 
Enter UserId
Insert Succesfully
************************
Enter Your Choice
************************
1.Admin
2.Manufacturer
3.Dealer
4.Exit
+=+=+=+=+=+=+=+=+=+=+=+=
Enter Your Choice
+=+=+=+=+=+=+=+=+=+=+=+=
Welcome to Dealer's Page
1.Make Orders
2.Delete Orders
3.Show All Products
4.Show All Orders
5.Show My Store
5.Exit
************************
Enter Your Choice
************************
Enter the orderId You want to Delete
OrderId is deleted Succesfully
************************
Enter Your Choice
************************
1.Admin
2.Manufacturer
3.Dealer
4.Exit
+=+=+=+=+=+=+=+=+=+=+=+=
Enter Your Choice
+=+=+=+=+=+=+=+=+=+=+=+=
Welcome to Manufactures Page
1.Add Dealer
2.Modify Dealer
3.Remove Dealers
4.View Dealers
5.Add Products
6.Modify Products
7.Remove Products
8.View Products
9.View Store
10.Exit
************************
Enter Your Choice
************************
Enter the UserId
Enter the Email
Enter the Location
Enter the Password
Enter the Role
Enter the UserName
Insert Succesfully
************************
Enter Your Choice
************************
Enter the UserId(String) You want to Delete
User_Id is deleted Succesfully
************************
Enter Your Choice
************************
Enter the UserId(String) You want to Delete
User_Id is deleted Succesfully
************************
Enter Your Choice
************************
Enter the UserId(String) You want to Delete
User_Id is deleted Succesfully
************************
Enter Your Choice
************************
Enter the UserId(String) You want to Delete
User_Id is deleted Succesfully
************************
Enter Your Choice
************************
1.Admin
2.Manufacturer
3.Dealer
4.Exit
+=+=+=+=+=+=+=+=+=+=+=+=
Enter Your Choice
+=+=+=+=+=+=+=+=+=+=+=+=
Enter Your Username:
Enter Your Password:
Successfully Login
Welcome to Admin's Page
1.Add Manufactures
2.Update Manufactures
3.Delete Manufactures
4.Show Manufactures
5.Exit
************************
Enter Your Choice
************************
Enter the UserId(String) You want to Delete
User_Id is deleted Succesfully
************************
Enter Your Choice
************************
1.Admin
2.Manufacturer
3.Dealer
4.Exit
+=+=+=+=+=+=+=+=+=+=+=+=
Enter Your Choice
+=+=+=+=+=+=+=+=+=+=+=+=
Welcome to Dealer's Page
1.Make Orders
2.Delete Orders
3.Show All Products
4.Show All Orders
5.Show My Store
5.Exit
************************
Enter Your Choice
************************
1.Admin
2.Manufacturer
3.Dealer
4.Exit
+=+=+=+=+=+=+=+=+=+=+=+=
Enter Your Choice
+=+=+=+=+=+=+=+=+=+=+=+=
Welcome to Manufactures Page
1.Add Dealer
2.Modify Dealer
3.Remove Dealers
4.View Dealers
5.Add Products
6.Modify Products
7.Remove Products
8.View Products
9.View Store
10.Exit
************************
Enter Your Choice
************************
Enter the UserId(String) You want to Delete
User_Id is deleted Succesfully
************************
Enter Your Choice
************************
1.Admin
2.Manufacturer
3.Dealer
4.Exit
+=+=+=+=+=+=+=+=+=+=+=+=
Enter Your Choice
+=+=+=+=+=+=+=+=+=+=+=+=
Welcome to Manufactures Page
1.Add Dealer
2.Modify Dealer
3.Remove Dealers
4.View Dealers
5.Add Products
6.Modify Products
7.Remove Products
8.View Products
9.View Store
10.Exit
************************
Enter Your Choice
************************
Enter the ProductId
Enter the Brand
Enter the Price
Enter the Stocks
Enter the Warranty
Insert Succesfully
************************
Enter Your Choice
************************
Enter which role(Users) you want to see
[bfhf, dfgh]
[bfhf, dfgh]
************************
Enter Your Choice
************************
1.Admin
2.Manufacturer
3.Dealer
4.Exit
+=+=+=+=+=+=+=+=+=+=+=+=
Enter Your Choice
+=+=+=+=+=+=+=+=+=+=+=+=
Welcome to Manufactures Page
1.Add Dealer
2.Modify Dealer
3.Remove Dealers
4.View Dealers
5.Add Products
6.Modify Products
7.Remove Products
8.View Products
9.View Store
10.Exit
************************
Enter Your Choice
************************
Enter the ProductId You want to Delete
User_Id is deleted Succesfully
************************
Enter Your Choice
************************
Enter the ProductId You want to Delete
User_Id is deleted Succesfully
************************
Enter Your Choice
************************
Enter the ProductId You want to Delete
User_Id is deleted Succesfully
************************
Enter Your Choice
************************
1.Admin
2.Manufacturer
3.Dealer
4.Exit
+=+=+=+=+=+=+=+=+=+=+=+=
Enter Your Choice
+=+=+=+=+=+=+=+=+=+=+=+=
Welcome to Manufactures Page
1.Add Dealer
2.Modify Dealer
3.Remove Dealers
4.View Dealers
5.Add Products
6.Modify Products
7.Remove Products
8.View Products
9.View Store
10.Exit
************************
Enter Your Choice
************************
Enter the ProductId You want to Delete
User_Id is deleted Succesfully
************************
Enter Your Choice
************************
1.Admin
2.Manufacturer
3.Dealer
4.Exit
+=+=+=+=+=+=+=+=+=+=+=+=
Enter Your Choice
+=+=+=+=+=+=+=+=+=+=+=+=
Welcome to Manufactures Page
1.Add Dealer
2.Modify Dealer
3.Remove Dealers
4.View Dealers
5.Add Products
6.Modify Products
7.Remove Products
8.View Products
9.View Store
10.Exit
************************
Enter Your Choice
************************
[sparx, puma, apple]
************************
Enter Your Choice
************************
[1, 2, 4]
************************
Enter Your Choice
************************
1.Admin
2.Manufacturer
3.Dealer
4.Exit
+=+=+=+=+=+=+=+=+=+=+=+=
Enter Your Choice
+=+=+=+=+=+=+=+=+=+=+=+=
Welcome to Manufactures Page
1.Add Dealer
2.Modify Dealer
3.Remove Dealers
4.View Dealers
5.Add Products
6.Modify Products
7.Remove Products
8.View Products
9.View Store
10.Exit
************************
Enter Your Choice
************************
Enter the ProductId You want to Delete
User_Id is deleted Succesfully
************************
Enter Your Choice
************************
1.Admin
2.Manufacturer
3.Dealer
4.Exit
+=+=+=+=+=+=+=+=+=+=+=+=
Enter Your Choice
+=+=+=+=+=+=+=+=+=+=+=+=
Welcome to Dealer's Page
1.Make Orders
2.Delete Orders
3.Show All Products
4.Show All Orders
5.Show My Store
5.Exit
************************
Enter Your Choice
************************
1.Admin
2.Manufacturer
3.Dealer
4.Exit
+=+=+=+=+=+=+=+=+=+=+=+=
Enter Your Choice
+=+=+=+=+=+=+=+=+=+=+=+=
Welcome to Manufactures Page
1.Add Dealer
2.Modify Dealer
3.Remove Dealers
4.View Dealers
5.Add Products
6.Modify Products
7.Remove Products
8.View Products
9.View Store
10.Exit
************************
Enter Your Choice
************************
Enter the User_ID You want to Update
Enter the Username
Enter the Password
Enter the email


Record has been updated Successfully!!!
************************
Enter Your Choice
************************
1.Admin
2.Manufacturer
3.Dealer
4.Exit
+=+=+=+=+=+=+=+=+=+=+=+=
Enter Your Choice
+=+=+=+=+=+=+=+=+=+=+=+=
Welcome to Manufactures Page
1.Add Dealer
2.Modify Dealer
3.Remove Dealers
4.View Dealers
5.Add Products
6.Modify Products
7.Remove Products
8.View Products
9.View Store
10.Exit
************************
Enter Your Choice
************************
Enter the User_ID You want to Update
Enter the Username
Enter the Password
Enter the email


Record has been updated Successfully!!!
************************
Enter Your Choice
************************
1.Admin
2.Manufacturer
3.Dealer
4.Exit
+=+=+=+=+=+=+=+=+=+=+=+=
Enter Your Choice
+=+=+=+=+=+=+=+=+=+=+=+=
Welcome to Manufactures Page
1.Add Dealer
2.Modify Dealer
3.Remove Dealers
4.View Dealers
5.Add Products
6.Modify Products
7.Remove Products
8.View Products
9.View Store
10.Exit
************************
Enter Your Choice
************************
Enter the User_ID You want to Update
Enter the Username
Enter the Password
Enter the email


Record has been updated Successfully!!!
************************
Enter Your Choice
************************
1.Admin
2.Manufacturer
3.Dealer
4.Exit
+=+=+=+=+=+=+=+=+=+=+=+=
Enter Your Choice
+=+=+=+=+=+=+=+=+=+=+=+=
Welcome to Manufactures Page
1.Add Dealer
2.Modify Dealer
3.Remove Dealers
4.View Dealers
5.Add Products
6.Modify Products
7.Remove Products
8.View Products
9.View Store
10.Exit
************************
Enter Your Choice
************************
Enter the ProductID You want to Update
Enter the price
Enter the Warranty
************************
Enter Your Choice
************************
1.Admin
2.Manufacturer
3.Dealer
4.Exit
+=+=+=+=+=+=+=+=+=+=+=+=
Enter Your Choice
+=+=+=+=+=+=+=+=+=+=+=+=
Welcome to Manufactures Page
1.Add Dealer
2.Modify Dealer
3.Remove Dealers
4.View Dealers
5.Add Products
6.Modify Products
7.Remove Products
8.View Products
9.View Store
10.Exit
************************
Enter Your Choice
************************
Enter the ProductID You want to Update
Enter the price
Enter the Warranty
************************
Enter Your Choice
************************
1.Admin
2.Manufacturer
3.Dealer
4.Exit
+=+=+=+=+=+=+=+=+=+=+=+=
Enter Your Choice
+=+=+=+=+=+=+=+=+=+=+=+=
Welcome to Dealer's Page
1.Make Orders
2.Delete Orders
3.Show All Products
4.Show All Orders
5.Show My Store
5.Exit
************************
Enter Your Choice
************************
Enter reference id
Enter location
Enter orderId 
Enter productId 
Enter Quantity 
Enter UserId
Insert Succesfully
************************
Enter Your Choice
************************
1.Admin
2.Manufacturer
3.Dealer
4.Exit
+=+=+=+=+=+=+=+=+=+=+=+=
Enter Your Choice
+=+=+=+=+=+=+=+=+=+=+=+=
Welcome to Dealer's Page
1.Make Orders
2.Delete Orders
3.Show All Products
4.Show All Orders
5.Show My Store
5.Exit
************************
Enter Your Choice
************************
Enter the orderId You want to Delete
1.Admin
2.Manufacturer
3.Dealer
4.Exit
+=+=+=+=+=+=+=+=+=+=+=+=
Enter Your Choice
+=+=+=+=+=+=+=+=+=+=+=+=
Welcome to Dealer's Page
1.Make Orders
2.Delete Orders
3.Show All Products
4.Show All Orders
5.Show My Store
5.Exit
************************
Enter Your Choice
************************
Enter reference id
Enter location
Enter orderId 
Enter productId 
Enter Quantity 
Enter UserId
Insert Succesfully
************************
Enter Your Choice
************************
1.Admin
2.Manufacturer
3.Dealer
4.Exit
+=+=+=+=+=+=+=+=+=+=+=+=
Enter Your Choice
+=+=+=+=+=+=+=+=+=+=+=+=
Welcome to Dealer's Page
1.Make Orders
2.Delete Orders
3.Show All Products
4.Show All Orders
5.Show My Store
6.Exit
************************
Enter Your Choice
************************
Enter reference id
Enter location
Enter orderId 
Enter productId 
Enter Quantity 
Enter UserId
Insert Succesfully
************************
Enter Your Choice
************************
1.Admin
2.Manufacturer
3.Dealer
4.Exit
+=+=+=+=+=+=+=+=+=+=+=+=
Enter Your Choice
+=+=+=+=+=+=+=+=+=+=+=+=
1.Admin
2.Manufacturer
3.Dealer
4.Exit
+=+=+=+=+=+=+=+=+=+=+=+=
Enter Your Choice
+=+=+=+=+=+=+=+=+=+=+=+=
1.Admin
2.Manufacturer
3.Dealer
4.Exit
+=+=+=+=+=+=+=+=+=+=+=+=
Enter Your Choice
+=+=+=+=+=+=+=+=+=+=+=+=
+=+=+=+=+=+=+=+=+=+=+=+=
Enter Your Choice
+=+=+=+=+=+=+=+=+=+=+=+=
1.Admin
2.Manufacturer
3.Dealer
4.Exit
+=+=+=+=+=+=+=+=+=+=+=+=
Enter Your Choice
+=+=+=+=+=+=+=+=+=+=+=+=
Enter Your Username:
Enter Your Password:
Successfully Login
Welcome to Admin's Page
1.Add Manufactures
2.Update Manufactures
3.Delete Manufactures
4.Show Manufactures
5.Exit
************************
Enter Your Choice
************************
Enter the UserId(String) You want to Delete
User_Id is deleted Succesfully
************************
Enter Your Choice
************************
--------------Manufacturer's Info----------------
[nani, 22, manu@gmail.com, null, null, 24, 23, sdfgh, xcvbn, 32, dfghj, xcvbnm, bfhf, 4, red,  bfhf, Ridz, 5, risu@gmail.com, Mumbai, dfgh, 6, sdfg, sdfg, dfgh, 8, sdfg, sdfg, Ridz, 9, risu@gmail.com, Mumbai, manu, 99, sdfg, manu9963, hfvh, rgfv, fcvbnm, cvbn, manu, we1, manu9963@gmail.com, bangalore]
************************
Enter Your Choice
************************
1.Admin
2.Manufacturer
3.Dealer
4.Exit
+=+=+=+=+=+=+=+=+=+=+=+=
Enter Your Choice
+=+=+=+=+=+=+=+=+=+=+=+=
Welcome to Dealer's Page
1.Make Orders
2.Delete Orders
3.Show All Products
4.Show All Orders
5.Show My Store
6.Exit
************************
Enter Your Choice
************************
Enter reference id
Enter location
Enter orderId 
Enter productId 
Enter Quantity 
Enter UserId
Insert Succesfully
************************
Enter Your Choice
************************
1.Admin
2.Manufacturer
3.Dealer
4.Exit
+=+=+=+=+=+=+=+=+=+=+=+=
Enter Your Choice
+=+=+=+=+=+=+=+=+=+=+=+=
Welcome to Dealer's Page
1.Make Orders
2.Delete Orders
3.Show All Products
4.Show All Orders
5.Show My Store
6.Exit
************************
Enter Your Choice
************************
Enter reference id
Enter location
1.Admin
2.Manufacturer
3.Dealer
4.Exit
+=+=+=+=+=+=+=+=+=+=+=+=
Enter Your Choice
+=+=+=+=+=+=+=+=+=+=+=+=
Welcome to Dealer's Page
1.Make Orders
2.Delete Orders
3.Show All Products
4.Show All Orders
5.Show My Store
6.Exit
************************
Enter Your Choice
************************
Enter reference id
Enter location
Enter orderId 
Enter productId 
Enter Quantity 
Enter UserId
Insert Succesfully
************************
Enter Your Choice
************************
1.Admin
2.Manufacturer
3.Dealer
4.Exit
+=+=+=+=+=+=+=+=+=+=+=+=
Enter Your Choice
+=+=+=+=+=+=+=+=+=+=+=+=
Welcome to Dealer's Page
1.Make Orders
2.Delete Orders
3.Show All Products
4.Show All Orders
5.Show My Store
6.Exit
************************
Enter Your Choice
************************
Enter reference id
Enter location
Enter orderId 
Enter productId 
Enter Quantity 
Enter UserId
Insert Succesfully
************************
Enter Your Choice
************************
1.Admin
2.Manufacturer
3.Dealer
4.Exit
+=+=+=+=+=+=+=+=+=+=+=+=
Enter Your Choice
+=+=+=+=+=+=+=+=+=+=+=+=
Enter Your Username:
Enter Your Password:
1.Admin
2.Manufacturer
3.Dealer
4.Exit
+=+=+=+=+=+=+=+=+=+=+=+=
Enter Your Choice
+=+=+=+=+=+=+=+=+=+=+=+=
1.Admin
2.Manufacturer
3.Dealer
4.Exit
+=+=+=+=+=+=+=+=+=+=+=+=
Enter Your Choice
+=+=+=+=+=+=+=+=+=+=+=+=
Welcome to Manufactures Page
1.Add Dealer
2.Modify Dealer
3.Remove Dealers
4.View Dealers
5.Add Products
6.Modify Products
7.Remove Products
8.View Products
9.View Store
10.Exit
************************
Enter Your Choice
************************
1.Admin
2.Manufacturer
3.Dealer
4.Exit
+=+=+=+=+=+=+=+=+=+=+=+=
Enter Your Choice
+=+=+=+=+=+=+=+=+=+=+=+=
Enter Your Username:
Enter Your Password:
Successfully Login
Welcome to Admin's Page
1.Add Manufactures
2.Update Manufactures
3.Delete Manufactures
4.Show Manufactures
5.Exit
************************
Enter Your Choice
************************
Enter the UserId(String) You want to Delete
User_Id is deleted Succesfully
************************
Enter Your Choice
************************
Enter the UserId(String) You want to Delete
User_Id is deleted Succesfully
************************
Enter Your Choice
************************
1.Admin
2.Manufacturer
3.Dealer
4.Exit
+=+=+=+=+=+=+=+=+=+=+=+=
Enter Your Choice
+=+=+=+=+=+=+=+=+=+=+=+=
1.Admin
2.Manufacturer
3.Dealer
4.Exit
+=+=+=+=+=+=+=+=+=+=+=+=
Enter Your Choice
+=+=+=+=+=+=+=+=+=+=+=+=
Enter Your Username:
Enter Your Password:
Successfully Login
Welcome to Admin's Page
1.Add Manufactures
2.Update Manufactures
3.Delete Manufactures
4.Show Manufactures
5.Exit
************************
Enter Your Choice
************************
Enter the UserId
Enter the Email
Enter the Location
Enter the Password
Enter the Role
Enter the UserName
Insert Succesfully
************************
Enter Your Choice
************************
1.Admin
2.Manufacturer
3.Dealer
4.Exit
+=+=+=+=+=+=+=+=+=+=+=+=
Enter Your Choice
+=+=+=+=+=+=+=+=+=+=+=+=
Enter Your Username:
Enter Your Password:
Successfully Login
Welcome to Admin's Page
1.Add Manufactures
2.Update Manufactures
3.Delete Manufactures
4.Show Manufactures
5.Exit
************************
Enter Your Choice
************************
Enter the UserId(String) You want to Delete
User_Id is deleted Succesfully
************************
Enter Your Choice
************************
Enter the UserId(String) You want to Delete
************************
Enter Your Choice
************************
1.Admin
2.Manufacturer
3.Dealer
4.Exit
+=+=+=+=+=+=+=+=+=+=+=+=
Enter Your Choice
+=+=+=+=+=+=+=+=+=+=+=+=
Enter Your Username:
Enter Your Password:
Successfully Login
Welcome to Admin's Page
1.Add Manufactures
2.Update Manufactures
3.Delete Manufactures
4.Show Manufactures
5.Exit
************************
Enter Your Choice
************************
Enter the User_ID You want to Update
Enter the Username
Enter the Password
Enter the email
Record has not updared
************************
Enter Your Choice
************************
1.Admin
2.Manufacturer
3.Dealer
4.Exit
+=+=+=+=+=+=+=+=+=+=+=+=
Enter Your Choice
+=+=+=+=+=+=+=+=+=+=+=+=
Enter Your Username:
Enter Your Password:
Successfully Login
Welcome to Admin's Page
1.Add Manufactures
2.Update Manufactures
3.Delete Manufactures
4.Show Manufactures
5.Exit
************************
Enter Your Choice
************************
Enter the UserId(String) You want to Delete
UserID not found
************************
Enter Your Choice
************************
Enter the UserId
Enter the Email
Enter the Location
Enter the Password
Enter the Role
Enter the UserName
Insert Succesfully
************************
Enter Your Choice
************************
1.Admin
2.Manufacturer
3.Dealer
4.Exit
+=+=+=+=+=+=+=+=+=+=+=+=
Enter Your Choice
+=+=+=+=+=+=+=+=+=+=+=+=
Welcome to Dealer's Page
1.Make Orders
2.Delete Orders
3.Show All Products
4.Show All Orders
5.Show My Store
6.Exit
************************
Enter Your Choice
************************
Enter reference id
Enter location
Enter orderId 
Enter productId 
Enter Quantity 
Enter UserId
Insertion Failed
************************
Enter Your Choice
************************
1.Admin
2.Manufacturer
3.Dealer
4.Exit
+=+=+=+=+=+=+=+=+=+=+=+=
Enter Your Choice
+=+=+=+=+=+=+=+=+=+=+=+=
Welcome to Dealer's Page
1.Make Orders
2.Delete Orders
3.Show All Products
4.Show All Orders
5.Show My Store
6.Exit
************************
Enter Your Choice
************************
Enter the orderId You want to Delete
Deletion Failed
************************
Enter Your Choice
************************
1.Admin
2.Manufacturer
3.Dealer
4.Exit
+=+=+=+=+=+=+=+=+=+=+=+=
Enter Your Choice
+=+=+=+=+=+=+=+=+=+=+=+=
Welcome to Manufactures Page
1.Add Dealer
2.Modify Dealer
3.Remove Dealers
4.View Dealers
5.Add Products
6.Modify Products
7.Remove Products
8.View Products
9.View Store
10.Exit
************************
Enter Your Choice
************************
Enter the UserId(String) You want to Delete
User_Id is deleted Succesfully
************************
Enter Your Choice
************************
Enter the ProductId You want to Delete
UserID Not Found
************************
Enter Your Choice
************************
1.Admin
2.Manufacturer
3.Dealer
4.Exit
+=+=+=+=+=+=+=+=+=+=+=+=
Enter Your Choice
+=+=+=+=+=+=+=+=+=+=+=+=
Welcome to Manufactures Page
1.Add Dealer
2.Modify Dealer
3.Remove Dealers
4.View Dealers
5.Add Products
6.Modify Products
7.Remove Products
8.View Products
9.View Store
10.Exit
************************
Enter Your Choice
************************
Enter the UserId(String) You want to Delete
UserId  Not Found
************************
Enter Your Choice
************************
Enter the UserId(String) You want to Delete
UserId is deleted Succesfully
************************
Enter Your Choice
************************
1.Admin
2.Manufacturer
3.Dealer
4.Exit
+=+=+=+=+=+=+=+=+=+=+=+=
Enter Your Choice
+=+=+=+=+=+=+=+=+=+=+=+=
Enter Your Username:
Enter Your Password:
Successfully Login
Welcome to Admin's Page
1.Add Manufactures
2.Update Manufactures
3.Delete Manufactures
4.Show Manufactures
5.Exit
************************
Enter Your Choice
************************
Enter the User_ID You want to Update
Enter the Username
Enter the Password
Enter the email
Record has not updated
************************
Enter Your Choice
************************
Enter the User_ID You want to Update
Enter the Username
Enter the Password
Enter the email
Record has not updated
************************
Enter Your Choice
************************
************************
Enter Your Choice
************************
Enter the User_ID You want to Update
Enter the Username
Enter the Password
Enter the email
Record has been updated Successfully!!!
************************
Enter Your Choice
************************
1.Admin
2.Manufacturer
3.Dealer
4.Exit
+=+=+=+=+=+=+=+=+=+=+=+=
Enter Your Choice
+=+=+=+=+=+=+=+=+=+=+=+=
Welcome to Manufactures Page
1.Add Dealer
2.Modify Dealer
3.Remove Dealers
4.View Dealers
5.Add Products
6.Modify Products
7.Remove Products
8.View Products
9.View Store
10.Exit
************************
Enter Your Choice
************************
Enter the UserId(String) You want to Delete
UserId  Not Found
************************
Enter Your Choice
************************
1.Admin
2.Manufacturer
3.Dealer
4.Exit
+=+=+=+=+=+=+=+=+=+=+=+=
Enter Your Choice
+=+=+=+=+=+=+=+=+=+=+=+=
Welcome to Dealer's Page
1.Make Orders
2.Delete Orders
3.Show All Products
4.Show All Orders
5.Show My Store
6.Exit
************************
Enter Your Choice
************************
Enter reference id
Enter location
Enter orderId 
Enter productId 
Enter Quantity 
Enter UserId
Insertion Failed
************************
Enter Your Choice
************************
1.Admin
2.Manufacturer
3.Dealer
4.Exit
+=+=+=+=+=+=+=+=+=+=+=+=
Enter Your Choice
+=+=+=+=+=+=+=+=+=+=+=+=
Welcome to Dealer's Page
1.Make Orders
2.Delete Orders
3.Show All Products
4.Show All Orders
5.Show My Store
6.Exit
************************
Enter Your Choice
************************
Enter reference id
Enter location
Enter orderId 
Enter productId 
Enter Quantity 
Enter UserId
Insertion Failed
************************
Enter Your Choice
************************
1.Admin
2.Manufacturer
3.Dealer
4.Exit
+=+=+=+=+=+=+=+=+=+=+=+=
Enter Your Choice
+=+=+=+=+=+=+=+=+=+=+=+=
Enter Your Username:
Enter Your Password:
Successfully Login
Welcome to Admin's Page
1.Add Manufactures
2.Update Manufactures
3.Delete Manufactures
4.Show Manufactures
5.Exit
************************
Enter Your Choice
************************
1.Admin
2.Manufacturer
3.Dealer
4.Exit
+=+=+=+=+=+=+=+=+=+=+=+=
Enter Your Choice
+=+=+=+=+=+=+=+=+=+=+=+=
Enter Your Username:
Enter Your Password:
Successfully Login
Welcome to Admin's Page
1.Add Manufactures
2.Update Manufactures
3.Delete Manufactures
4.Show Manufactures
5.Exit
************************
Enter Your Choice
************************
Enter the UserId(String) You want to Delete
User_Id is deleted Succesfully
************************
Enter Your Choice
************************
1.Admin
2.Manufacturer
3.Dealer
4.Exit
+=+=+=+=+=+=+=+=+=+=+=+=
Enter Your Choice
+=+=+=+=+=+=+=+=+=+=+=+=
Enter Your Username:
Enter Your Password:
Successfully Login
Welcome to Admin's Page
1.Add Manufactures
2.Update Manufactures
3.Delete Manufactures
4.Show Manufactures
5.Exit
************************
Enter Your Choice
************************
1.Admin
2.Manufacturer
3.Dealer
4.Exit
+=+=+=+=+=+=+=+=+=+=+=+=
Enter Your Choice
+=+=+=+=+=+=+=+=+=+=+=+=
1.Admin
2.Manufacturer
3.Dealer
4.Exit
+=+=+=+=+=+=+=+=+=+=+=+=
Enter Your Choice
+=+=+=+=+=+=+=+=+=+=+=+=
Enter Your Username:
Enter Your Password:
Successfully Login
Welcome to Admin's Page
1.Add Manufactures
2.Update Manufactures
3.Delete Manufactures
4.Show Manufactures
5.Exit
************************
Enter Your Choice
************************
1.Admin
2.Manufacturer
3.Dealer
4.Exit
+=+=+=+=+=+=+=+=+=+=+=+=
Enter Your Choice
+=+=+=+=+=+=+=+=+=+=+=+=
Enter Your Username:
Enter Your Password:
Successfully Login
Welcome to Admin's Page
1.Add Manufactures
2.Update Manufactures
3.Delete Manufactures
4.Show Manufactures
5.Exit
************************
Enter Your Choice
************************
1.Admin
2.Manufacturer
3.Dealer
4.Exit
+=+=+=+=+=+=+=+=+=+=+=+=
Enter Your Choice
+=+=+=+=+=+=+=+=+=+=+=+=
UserName
enter password
Welcome to Admin's Page
1.Add Manufactures
2.Update Manufactures
3.Delete Manufactures
4.Show Manufactures
5.Exit
************************
Enter Your Choice
************************
1.Admin
2.Manufacturer
3.Dealer
4.Exit
+=+=+=+=+=+=+=+=+=+=+=+=
Enter Your Choice
+=+=+=+=+=+=+=+=+=+=+=+=
UserName
enter password
Welcome to Admin's Page
1.Add Manufactures
2.Update Manufactures
3.Delete Manufactures
4.Show Manufactures
5.Exit
************************
Enter Your Choice
************************
1.Admin
2.Manufacturer
3.Dealer
4.Exit
+=+=+=+=+=+=+=+=+=+=+=+=
Enter Your Choice
+=+=+=+=+=+=+=+=+=+=+=+=
UserName
enter password
Welcome to Admin's Page
1.Add Manufactures
2.Update Manufactures
3.Delete Manufactures
4.Show Manufactures
5.Exit
************************
Enter Your Choice
************************
1.Admin
2.Manufacturer
3.Dealer
4.Exit
+=+=+=+=+=+=+=+=+=+=+=+=
Enter Your Choice
+=+=+=+=+=+=+=+=+=+=+=+=
UserName
enter password
Welcome to Admin's Page
1.Add Manufactures
2.Update Manufactures
3.Delete Manufactures
4.Show Manufactures
5.Exit
************************
Enter Your Choice
************************
1.Admin
2.Manufacturer
3.Dealer
4.Exit
+=+=+=+=+=+=+=+=+=+=+=+=
Enter Your Choice
+=+=+=+=+=+=+=+=+=+=+=+=
1.Admin
2.Manufacturer
3.Dealer
4.Exit
+=+=+=+=+=+=+=+=+=+=+=+=
Enter Your Choice
+=+=+=+=+=+=+=+=+=+=+=+=
UserName
enter password
Welcome to Admin's Page
1.Add Manufactures
2.Update Manufactures
3.Delete Manufactures
4.Show Manufactures
5.Exit
************************
Enter Your Choice
************************
1.Admin
2.Manufacturer
3.Dealer
4.Exit
+=+=+=+=+=+=+=+=+=+=+=+=
Enter Your Choice
+=+=+=+=+=+=+=+=+=+=+=+=
UserName
enter password
1.Admin
2.Manufacturer
3.Dealer
4.Exit
+=+=+=+=+=+=+=+=+=+=+=+=
Enter Your Choice
+=+=+=+=+=+=+=+=+=+=+=+=
UserName
enter password
Welcome to Admin's Page
1.Add Manufactures
2.Update Manufactures
3.Delete Manufactures
4.Show Manufactures
5.Exit
************************
Enter Your Choice
************************
1.Admin
2.Manufacturer
3.Dealer
4.Exit
+=+=+=+=+=+=+=+=+=+=+=+=
Enter Your Choice
+=+=+=+=+=+=+=+=+=+=+=+=
UserName
enter password
Welcome to Admin's Page
1.Add Manufactures
2.Update Manufactures
3.Delete Manufactures
4.Show Manufactures
5.Exit
************************
Enter Your Choice
************************
1.Admin
2.Manufacturer
3.Dealer
4.Exit
+=+=+=+=+=+=+=+=+=+=+=+=
Enter Your Choice
+=+=+=+=+=+=+=+=+=+=+=+=
UserName
enter password
Welcome to Admin's Page
1.Add Manufactures
2.Update Manufactures
3.Delete Manufactures
4.Show Manufactures
5.Exit
************************
Enter Your Choice
************************
1.Admin
2.Manufacturer
3.Dealer
4.Exit
+=+=+=+=+=+=+=+=+=+=+=+=
Enter Your Choice
+=+=+=+=+=+=+=+=+=+=+=+=
UserName
enter password
1.Admin
2.Manufacturer
3.Dealer
4.Exit
+=+=+=+=+=+=+=+=+=+=+=+=
Enter Your Choice
+=+=+=+=+=+=+=+=+=+=+=+=
UserName
enter password
1.Admin
2.Manufacturer
3.Dealer
4.Exit
+=+=+=+=+=+=+=+=+=+=+=+=
Enter Your Choice
+=+=+=+=+=+=+=+=+=+=+=+=
UserName
enter password
1.Admin
2.Manufacturer
3.Dealer
4.Exit
+=+=+=+=+=+=+=+=+=+=+=+=
Enter Your Choice
+=+=+=+=+=+=+=+=+=+=+=+=
UserName
enter password
1.Admin
2.Manufacturer
3.Dealer
4.Exit
+=+=+=+=+=+=+=+=+=+=+=+=
Enter Your Choice
+=+=+=+=+=+=+=+=+=+=+=+=
UserName
enter password
1.Admin
2.Manufacturer
3.Dealer
4.Exit
+=+=+=+=+=+=+=+=+=+=+=+=
Enter Your Choice
+=+=+=+=+=+=+=+=+=+=+=+=
Welcome to Dealer's Page
1.Make Orders
2.Delete Orders
3.Show All Products
4.Show All Orders
5.Show My Store
6.Exit
************************
Enter Your Choice
************************
Enter reference id
Enter location
Enter orderId 
Enter productId 
Enter Quantity 
Enter UserId
Insertion Failed
************************
Enter Your Choice
************************
1.Admin
2.Manufacturer
3.Dealer
4.Exit
+=+=+=+=+=+=+=+=+=+=+=+=
Enter Your Choice
+=+=+=+=+=+=+=+=+=+=+=+=
Welcome to Dealer's Page
1.Make Orders
2.Delete Orders
3.Show All Products
4.Show All Orders
5.Show My Store
6.Exit
************************
Enter Your Choice
************************
Enter reference id
Enter location
Enter orderId 
Enter productId 
Enter Quantity 
Enter UserId
Insertion Failed
************************
Enter Your Choice
************************
